# JRE version: OpenJDK Runtime Environment Temurin-21.0.7+6 (21.0.7+6) (build 21.0.7+6-LTS)
# Java VM: OpenJDK 64-Bit Server VM Temurin-21.0.7+6 (21.0.7+6-LTS, mixed mode, sharing, tiered, compressed oops, compressed class ptrs, parallel gc, windows-amd64)
GC Precious Log:
 CardTable entry size: 512
 CPUs: 12 total, 12 available
 Memory: 16318M
 Large Page Support: Disabled
 NUMA Support: Disabled
 Compressed Oops: Enabled (32-bit)
 Alignments: Space 512K, Generation 512K, Heap 2M
 Heap Min Capacity: 100M
 Heap Initial Capacity: 100M
 Heap Max Capacity: 1G
 Pre-touch: Disabled
 Parallel Workers: 10
Heap:
 PSYoungGen      total 3072K, used 2418K [0x00000000eab00000, 0x00000000eaf00000, 0x0000000100000000)
  eden space 2048K, 73% used [0x00000000eab00000,0x00000000eac78760,0x00000000ead00000)
  from space 1024K, 89% used [0x00000000ead00000,0x00000000eade42f8,0x00000000eae00000)
  to   space 1024K, 0% used [0x00000000eae00000,0x00000000eae00000,0x00000000eaf00000)
 ParOldGen       total 359936K, used 359874K [0x00000000c0000000, 0x00000000d5f80000, 0x00000000eab00000)
  object space 359936K, 99% used [0x00000000c0000000,0x00000000d5f70980,0x00000000d5f80000)
 Metaspace       used 88375K, committed 89920K, reserved 1179648K
  class space    used 8342K, committed 9088K, reserved 1048576K
GC Heap History (20 events):
Event: 2739.664 GC heap before
{Heap before GC invocations=6182 (full 23):
 PSYoungGen      total 3072K, used 2720K [0x00000000eab00000, 0x00000000eaf00000, 0x0000000100000000)
  eden space 2048K, 100% used [0x00000000eab00000,0x00000000ead00000,0x00000000ead00000)
  from space 1024K, 65% used [0x00000000ead00000,0x00000000eada8000,0x00000000eae00000)
  to   space 1024K, 0% used [0x00000000eae00000,0x00000000eae00000,0x00000000eaf00000)
 ParOldGen       total 354816K, used 354706K [0x00000000c0000000, 0x00000000d5a80000, 0x00000000eab00000)
  object space 354816K, 99% used [0x00000000c0000000,0x00000000d5a64ae8,0x00000000d5a80000)
 Metaspace       used 88375K, committed 89920K, reserved 1179648K
  class space    used 8342K, committed 9088K, reserved 1048576K
}
Event: 2739.665 GC heap after
{Heap after GC invocations=6182 (full 23):
 PSYoungGen      total 2560K, used 378K [0x00000000eab00000, 0x00000000eae80000, 0x0000000100000000)
  eden space 2048K, 0% used [0x00000000eab00000,0x00000000eab00000,0x00000000ead00000)
  from space 512K, 73% used [0x00000000eae00000,0x00000000eae5e900,0x00000000eae80000)
  to   space 512K, 0% used [0x00000000ead80000,0x00000000ead80000,0x00000000eae00000)
 ParOldGen       total 355328K, used 355305K [0x00000000c0000000, 0x00000000d5b00000, 0x00000000eab00000)
  object space 355328K, 99% used [0x00000000c0000000,0x00000000d5afa6e0,0x00000000d5b00000)
 Metaspace       used 88375K, committed 89920K, reserved 1179648K
  class space    used 8342K, committed 9088K, reserved 1048576K
}
Event: 2739.668 GC heap before
{Heap before GC invocations=6183 (full 23):
 PSYoungGen      total 2560K, used 2426K [0x00000000eab00000, 0x00000000eae80000, 0x0000000100000000)
  eden space 2048K, 100% used [0x00000000eab00000,0x00000000ead00000,0x00000000ead00000)
  from space 512K, 73% used [0x00000000eae00000,0x00000000eae5e900,0x00000000eae80000)
  to   space 512K, 0% used [0x00000000ead80000,0x00000000ead80000,0x00000000eae00000)
 ParOldGen       total 355328K, used 355305K [0x00000000c0000000, 0x00000000d5b00000, 0x00000000eab00000)
  object space 355328K, 99% used [0x00000000c0000000,0x00000000d5afa6e0,0x00000000d5b00000)
 Metaspace       used 88375K, committed 89920K, reserved 1179648K
  class space    used 8342K, committed 9088K, reserved 1048576K
}
Event: 2739.669 GC heap after
{Heap after GC invocations=6183 (full 23):
 PSYoungGen      total 2560K, used 512K [0x00000000eab00000, 0x00000000eaf00000, 0x0000000100000000)
  eden space 2048K, 0% used [0x00000000eab00000,0x00000000eab00000,0x00000000ead00000)
  from space 512K, 100% used [0x00000000ead80000,0x00000000eae00000,0x00000000eae00000)
  to   space 1024K, 0% used [0x00000000eae00000,0x00000000eae00000,0x00000000eaf00000)
 ParOldGen       total 355840K, used 355570K [0x00000000c0000000, 0x00000000d5b80000, 0x00000000eab00000)
  object space 355840K, 99% used [0x00000000c0000000,0x00000000d5b3cb90,0x00000000d5b80000)
 Metaspace       used 88375K, committed 89920K, reserved 1179648K
  class space    used 8342K, committed 9088K, reserved 1048576K
}
Event: 2739.674 GC heap before
{Heap before GC invocations=6184 (full 23):
 PSYoungGen      total 2560K, used 2560K [0x00000000eab00000, 0x00000000eaf00000, 0x0000000100000000)
  eden space 2048K, 100% used [0x00000000eab00000,0x00000000ead00000,0x00000000ead00000)
  from space 512K, 100% used [0x00000000ead80000,0x00000000eae00000,0x00000000eae00000)
  to   space 1024K, 0% used [0x00000000eae00000,0x00000000eae00000,0x00000000eaf00000)
 ParOldGen       total 355840K, used 355570K [0x00000000c0000000, 0x00000000d5b80000, 0x00000000eab00000)
  object space 355840K, 99% used [0x00000000c0000000,0x00000000d5b3cb90,0x00000000d5b80000)
 Metaspace       used 88375K, committed 89920K, reserved 1179648K
  class space    used 8342K, committed 9088K, reserved 1048576K
}
Event: 2739.675 GC heap after
{Heap after GC invocations=6184 (full 23):
 PSYoungGen      total 3072K, used 912K [0x00000000eab00000, 0x00000000eaf00000, 0x0000000100000000)
  eden space 2048K, 0% used [0x00000000eab00000,0x00000000eab00000,0x00000000ead00000)
  from space 1024K, 89% used [0x00000000eae00000,0x00000000eaee42f8,0x00000000eaf00000)
  to   space 1024K, 0% used [0x00000000ead00000,0x00000000ead00000,0x00000000eae00000)
 ParOldGen       total 356352K, used 356070K [0x00000000c0000000, 0x00000000d5c00000, 0x00000000eab00000)
  object space 356352K, 99% used [0x00000000c0000000,0x00000000d5bb9a00,0x00000000d5c00000)
 Metaspace       used 88375K, committed 89920K, reserved 1179648K
  class space    used 8342K, committed 9088K, reserved 1048576K
}
Event: 2739.682 GC heap before
{Heap before GC invocations=6185 (full 23):
 PSYoungGen      total 3072K, used 2960K [0x00000000eab00000, 0x00000000eaf00000, 0x0000000100000000)
  eden space 2048K, 100% used [0x00000000eab00000,0x00000000ead00000,0x00000000ead00000)
  from space 1024K, 89% used [0x00000000eae00000,0x00000000eaee42f8,0x00000000eaf00000)
  to   space 1024K, 0% used [0x00000000ead00000,0x00000000ead00000,0x00000000eae00000)
 ParOldGen       total 356352K, used 356070K [0x00000000c0000000, 0x00000000d5c00000, 0x00000000eab00000)
  object space 356352K, 99% used [0x00000000c0000000,0x00000000d5bb9a00,0x00000000d5c00000)
 Metaspace       used 88375K, committed 89920K, reserved 1179648K
  class space    used 8342K, committed 9088K, reserved 1048576K
}
Event: 2739.683 GC heap after
{Heap after GC invocations=6185 (full 23):
 PSYoungGen      total 3072K, used 688K [0x00000000eab00000, 0x00000000eaf00000, 0x0000000100000000)
  eden space 2048K, 0% used [0x00000000eab00000,0x00000000eab00000,0x00000000ead00000)
  from space 1024K, 67% used [0x00000000ead00000,0x00000000eadac3b8,0x00000000eae00000)
  to   space 1024K, 0% used [0x00000000eae00000,0x00000000eae00000,0x00000000eaf00000)
 ParOldGen       total 356864K, used 356809K [0x00000000c0000000, 0x00000000d5c80000, 0x00000000eab00000)
  object space 356864K, 99% used [0x00000000c0000000,0x00000000d5c725b8,0x00000000d5c80000)
 Metaspace       used 88375K, committed 89920K, reserved 1179648K
  class space    used 8342K, committed 9088K, reserved 1048576K
}
Event: 2740.064 GC heap before
{Heap before GC invocations=6186 (full 23):
 PSYoungGen      total 3072K, used 2736K [0x00000000eab00000, 0x00000000eaf00000, 0x0000000100000000)
  eden space 2048K, 99% used [0x00000000eab00000,0x00000000eacfffc0,0x00000000ead00000)
  from space 1024K, 67% used [0x00000000ead00000,0x00000000eadac3b8,0x00000000eae00000)
  to   space 1024K, 0% used [0x00000000eae00000,0x00000000eae00000,0x00000000eaf00000)
 ParOldGen       total 356864K, used 356809K [0x00000000c0000000, 0x00000000d5c80000, 0x00000000eab00000)
  object space 356864K, 99% used [0x00000000c0000000,0x00000000d5c725b8,0x00000000d5c80000)
 Metaspace       used 88375K, committed 89920K, reserved 1179648K
  class space    used 8342K, committed 9088K, reserved 1048576K
}
Event: 2740.065 GC heap after
{Heap after GC invocations=6186 (full 23):
 PSYoungGen      total 2560K, used 256K [0x00000000eab00000, 0x00000000eae80000, 0x0000000100000000)
  eden space 2048K, 0% used [0x00000000eab00000,0x00000000eab00000,0x00000000ead00000)
  from space 512K, 50% used [0x00000000eae00000,0x00000000eae40000,0x00000000eae80000)
  to   space 512K, 0% used [0x00000000ead80000,0x00000000ead80000,0x00000000eae00000)
 ParOldGen       total 357888K, used 357420K [0x00000000c0000000, 0x00000000d5d80000, 0x00000000eab00000)
  object space 357888K, 99% used [0x00000000c0000000,0x00000000d5d0b158,0x00000000d5d80000)
 Metaspace       used 88375K, committed 89920K, reserved 1179648K
  class space    used 8342K, committed 9088K, reserved 1048576K
}
Event: 2740.068 GC heap before
{Heap before GC invocations=6187 (full 23):
 PSYoungGen      total 2560K, used 2304K [0x00000000eab00000, 0x00000000eae80000, 0x0000000100000000)
  eden space 2048K, 100% used [0x00000000eab00000,0x00000000ead00000,0x00000000ead00000)
  from space 512K, 50% used [0x00000000eae00000,0x00000000eae40000,0x00000000eae80000)
  to   space 512K, 0% used [0x00000000ead80000,0x00000000ead80000,0x00000000eae00000)
 ParOldGen       total 357888K, used 357420K [0x00000000c0000000, 0x00000000d5d80000, 0x00000000eab00000)
  object space 357888K, 99% used [0x00000000c0000000,0x00000000d5d0b158,0x00000000d5d80000)
 Metaspace       used 88375K, committed 89920K, reserved 1179648K
  class space    used 8342K, committed 9088K, reserved 1048576K
}
Event: 2740.069 GC heap after
{Heap after GC invocations=6187 (full 23):
 PSYoungGen      total 2560K, used 512K [0x00000000eab00000, 0x00000000eaf00000, 0x0000000100000000)
  eden space 2048K, 0% used [0x00000000eab00000,0x00000000eab00000,0x00000000ead00000)
  from space 512K, 100% used [0x00000000ead80000,0x00000000eae00000,0x00000000eae00000)
  to   space 1024K, 0% used [0x00000000eae00000,0x00000000eae00000,0x00000000eaf00000)
 ParOldGen       total 357888K, used 357595K [0x00000000c0000000, 0x00000000d5d80000, 0x00000000eab00000)
  object space 357888K, 99% used [0x00000000c0000000,0x00000000d5d36d08,0x00000000d5d80000)
 Metaspace       used 88375K, committed 89920K, reserved 1179648K
  class space    used 8342K, committed 9088K, reserved 1048576K
}
Event: 2740.073 GC heap before
{Heap before GC invocations=6188 (full 23):
 PSYoungGen      total 2560K, used 2560K [0x00000000eab00000, 0x00000000eaf00000, 0x0000000100000000)
  eden space 2048K, 100% used [0x00000000eab00000,0x00000000ead00000,0x00000000ead00000)
  from space 512K, 100% used [0x00000000ead80000,0x00000000eae00000,0x00000000eae00000)
  to   space 1024K, 0% used [0x00000000eae00000,0x00000000eae00000,0x00000000eaf00000)
 ParOldGen       total 357888K, used 357595K [0x00000000c0000000, 0x00000000d5d80000, 0x00000000eab00000)
  object space 357888K, 99% used [0x00000000c0000000,0x00000000d5d36d08,0x00000000d5d80000)
 Metaspace       used 88375K, committed 89920K, reserved 1179648K
  class space    used 8342K, committed 9088K, reserved 1048576K
}
Event: 2740.075 GC heap after
{Heap after GC invocations=6188 (full 23):
 PSYoungGen      total 3072K, used 816K [0x00000000eab00000, 0x00000000eaf00000, 0x0000000100000000)
  eden space 2048K, 0% used [0x00000000eab00000,0x00000000eab00000,0x00000000ead00000)
  from space 1024K, 79% used [0x00000000eae00000,0x00000000eaecc2f8,0x00000000eaf00000)
  to   space 1024K, 0% used [0x00000000ead00000,0x00000000ead00000,0x00000000eae00000)
 ParOldGen       total 358400K, used 358095K [0x00000000c0000000, 0x00000000d5e00000, 0x00000000eab00000)
  object space 358400K, 99% used [0x00000000c0000000,0x00000000d5db3fc8,0x00000000d5e00000)
 Metaspace       used 88375K, committed 89920K, reserved 1179648K
  class space    used 8342K, committed 9088K, reserved 1048576K
}
Event: 2740.082 GC heap before
{Heap before GC invocations=6189 (full 23):
 PSYoungGen      total 3072K, used 2864K [0x00000000eab00000, 0x00000000eaf00000, 0x0000000100000000)
  eden space 2048K, 100% used [0x00000000eab00000,0x00000000ead00000,0x00000000ead00000)
  from space 1024K, 79% used [0x00000000eae00000,0x00000000eaecc2f8,0x00000000eaf00000)
  to   space 1024K, 0% used [0x00000000ead00000,0x00000000ead00000,0x00000000eae00000)
 ParOldGen       total 358400K, used 358095K [0x00000000c0000000, 0x00000000d5e00000, 0x00000000eab00000)
  object space 358400K, 99% used [0x00000000c0000000,0x00000000d5db3fc8,0x00000000d5e00000)
 Metaspace       used 88375K, committed 89920K, reserved 1179648K
  class space    used 8342K, committed 9088K, reserved 1048576K
}
Event: 2740.083 GC heap after
{Heap after GC invocations=6189 (full 23):
 PSYoungGen      total 3072K, used 736K [0x00000000eab00000, 0x00000000eaf00000, 0x0000000100000000)
  eden space 2048K, 0% used [0x00000000eab00000,0x00000000eab00000,0x00000000ead00000)
  from space 1024K, 71% used [0x00000000ead00000,0x00000000eadb8000,0x00000000eae00000)
  to   space 1024K, 0% used [0x00000000eae00000,0x00000000eae00000,0x00000000eaf00000)
 ParOldGen       total 358912K, used 358792K [0x00000000c0000000, 0x00000000d5e80000, 0x00000000eab00000)
  object space 358912K, 99% used [0x00000000c0000000,0x00000000d5e622c0,0x00000000d5e80000)
 Metaspace       used 88375K, committed 89920K, reserved 1179648K
  class space    used 8342K, committed 9088K, reserved 1048576K
}
Event: 2740.087 GC heap before
{Heap before GC invocations=6190 (full 23):
 PSYoungGen      total 3072K, used 2784K [0x00000000eab00000, 0x00000000eaf00000, 0x0000000100000000)
  eden space 2048K, 100% used [0x00000000eab00000,0x00000000ead00000,0x00000000ead00000)
  from space 1024K, 71% used [0x00000000ead00000,0x00000000eadb8000,0x00000000eae00000)
  to   space 1024K, 0% used [0x00000000eae00000,0x00000000eae00000,0x00000000eaf00000)
 ParOldGen       total 358912K, used 358792K [0x00000000c0000000, 0x00000000d5e80000, 0x00000000eab00000)
  object space 358912K, 99% used [0x00000000c0000000,0x00000000d5e622c0,0x00000000d5e80000)
 Metaspace       used 88375K, committed 89920K, reserved 1179648K
  class space    used 8342K, committed 9088K, reserved 1048576K
}
Event: 2740.088 GC heap after
{Heap after GC invocations=6190 (full 23):
 PSYoungGen      total 3072K, used 640K [0x00000000eab00000, 0x00000000eaf80000, 0x0000000100000000)
  eden space 2048K, 0% used [0x00000000eab00000,0x00000000eab00000,0x00000000ead00000)
  from space 1024K, 62% used [0x00000000eae00000,0x00000000eaea0000,0x00000000eaf00000)
  to   space 1024K, 0% used [0x00000000ead00000,0x00000000ead00000,0x00000000eae00000)
 ParOldGen       total 359424K, used 359330K [0x00000000c0000000, 0x00000000d5f00000, 0x00000000eab00000)
  object space 359424K, 99% used [0x00000000c0000000,0x00000000d5ee8960,0x00000000d5f00000)
 Metaspace       used 88375K, committed 89920K, reserved 1179648K
  class space    used 8342K, committed 9088K, reserved 1048576K
}
Event: 2740.094 GC heap before
{Heap before GC invocations=6191 (full 23):
 PSYoungGen      total 3072K, used 2687K [0x00000000eab00000, 0x00000000eaf80000, 0x0000000100000000)
  eden space 2048K, 99% used [0x00000000eab00000,0x00000000eacffe98,0x00000000ead00000)
  from space 1024K, 62% used [0x00000000eae00000,0x00000000eaea0000,0x00000000eaf00000)
  to   space 1024K, 0% used [0x00000000ead00000,0x00000000ead00000,0x00000000eae00000)
 ParOldGen       total 359424K, used 359330K [0x00000000c0000000, 0x00000000d5f00000, 0x00000000eab00000)
  object space 359424K, 99% used [0x00000000c0000000,0x00000000d5ee8960,0x00000000d5f00000)
 Metaspace       used 88375K, committed 89920K, reserved 1179648K
  class space    used 8342K, committed 9088K, reserved 1048576K
}
Event: 2740.095 GC heap after
{Heap after GC invocations=6191 (full 23):
 PSYoungGen      total 3072K, used 912K [0x00000000eab00000, 0x00000000eaf00000, 0x0000000100000000)
  eden space 2048K, 0% used [0x00000000eab00000,0x00000000eab00000,0x00000000ead00000)
  from space 1024K, 89% used [0x00000000ead00000,0x00000000eade42f8,0x00000000eae00000)
  to   space 1024K, 0% used [0x00000000eae00000,0x00000000eae00000,0x00000000eaf00000)
 ParOldGen       total 359936K, used 359874K [0x00000000c0000000, 0x00000000d5f80000, 0x00000000eab00000)
  object space 359936K, 99% used [0x00000000c0000000,0x00000000d5f70980,0x00000000d5f80000)
 Metaspace       used 88375K, committed 89920K, reserved 1179648K
  class space    used 8342K, committed 9088K, reserved 1048576K
}

