<?xml version="1.0" encoding="UTF-8"?>
<testsuite xmlns:xsi="http://www.w3.org/2001/XMLSchema-instance" xsi:noNamespaceSchemaLocation="https://maven.apache.org/surefire/maven-surefire-plugin/xsd/surefire-test-report.xsd" version="3.0.2" name="com.tutoringplatform.services.PaymentServiceTest" time="0.059" tests="10" errors="0" skipped="0" failures="0">
  <properties>
[...]
</properties>
  <testcase name="testProcessPayment" classname="com.tutoringplatform.services.PaymentServiceTest" time="0.017">
    <system-out><![CDATA[21:57:12.205 [main] DEBUG org.springframework.test.util.ReflectionTestUtils - Setting field 'paymentRepository' of type [null] on target object [com.tutoringplatform.services.PaymentService@107e5441] or target class [class com.tutoringplatform.services.PaymentService] to value [paymentRepository]
21:57:12.206 [main] DEBUG org.springframework.test.util.ReflectionTestUtils - Setting field 'studentRepository' of type [null] on target object [com.tutoringplatform.services.PaymentService@107e5441] or target class [class com.tutoringplatform.services.PaymentService] to value [studentRepository]
21:57:12.206 [main] DEBUG org.springframework.test.util.ReflectionTestUtils - Setting field 'bookingRepository' of type [null] on target object [com.tutoringplatform.services.PaymentService@107e5441] or target class [class com.tutoringplatform.services.PaymentService] to value [bookingRepository]
21:57:12.207 [main] DEBUG org.springframework.test.util.ReflectionTestUtils - Setting field 'commandHistory' of type [null] on target object [com.tutoringplatform.services.PaymentService@107e5441] or target class [class com.tutoringplatform.services.PaymentService] to value [[]]
]]></system-out>
  </testcase>
  <testcase name="testProcessPayment" classname="com.tutoringplatform.services.PaymentServiceTest" time="0.006">
    <system-out><![CDATA[21:57:12.507 [main] DEBUG org.springframework.test.util.ReflectionTestUtils - Setting field 'paymentRepository' of type [null] on target object [com.tutoringplatform.services.PaymentService@5bb3131b] or target class [class com.tutoringplatform.services.PaymentService] to value [paymentRepository]
21:57:12.508 [main] DEBUG org.springframework.test.util.ReflectionTestUtils - Setting field 'studentRepository' of type [null] on target object [com.tutoringplatform.services.PaymentService@5bb3131b] or target class [class com.tutoringplatform.services.PaymentService] to value [studentRepository]
21:57:12.509 [main] DEBUG org.springframework.test.util.ReflectionTestUtils - Setting field 'bookingRepository' of type [null] on target object [com.tutoringplatform.services.PaymentService@5bb3131b] or target class [class com.tutoringplatform.services.PaymentService] to value [bookingRepository]
21:57:12.509 [main] DEBUG org.springframework.test.util.ReflectionTestUtils - Setting field 'commandHistory' of type [null] on target object [com.tutoringplatform.services.PaymentService@5bb3131b] or target class [class com.tutoringplatform.services.PaymentService] to value [[]]
]]></system-out>
  </testcase>
  <testcase name="testUndoWithEmptyHistory" classname="com.tutoringplatform.services.PaymentServiceTest" time="0.003">
    <system-out><![CDATA[21:57:12.211 [main] DEBUG org.springframework.test.util.ReflectionTestUtils - Setting field 'paymentRepository' of type [null] on target object [com.tutoringplatform.services.PaymentService@78f9ed3e] or target class [class com.tutoringplatform.services.PaymentService] to value [paymentRepository]
21:57:12.212 [main] DEBUG org.springframework.test.util.ReflectionTestUtils - Setting field 'studentRepository' of type [null] on target object [com.tutoringplatform.services.PaymentService@78f9ed3e] or target class [class com.tutoringplatform.services.PaymentService] to value [studentRepository]
21:57:12.212 [main] DEBUG org.springframework.test.util.ReflectionTestUtils - Setting field 'bookingRepository' of type [null] on target object [com.tutoringplatform.services.PaymentService@78f9ed3e] or target class [class com.tutoringplatform.services.PaymentService] to value [bookingRepository]
21:57:12.212 [main] DEBUG org.springframework.test.util.ReflectionTestUtils - Setting field 'commandHistory' of type [null] on target object [com.tutoringplatform.services.PaymentService@78f9ed3e] or target class [class com.tutoringplatform.services.PaymentService] to value [[]]
]]></system-out>
  </testcase>
  <testcase name="testUndoWithEmptyHistory" classname="com.tutoringplatform.services.PaymentServiceTest" time="0.004">
    <system-out><![CDATA[21:57:12.514 [main] DEBUG org.springframework.test.util.ReflectionTestUtils - Setting field 'paymentRepository' of type [null] on target object [com.tutoringplatform.services.PaymentService@585ac855] or target class [class com.tutoringplatform.services.PaymentService] to value [paymentRepository]
21:57:12.514 [main] DEBUG org.springframework.test.util.ReflectionTestUtils - Setting field 'studentRepository' of type [null] on target object [com.tutoringplatform.services.PaymentService@585ac855] or target class [class com.tutoringplatform.services.PaymentService] to value [studentRepository]
21:57:12.515 [main] DEBUG org.springframework.test.util.ReflectionTestUtils - Setting field 'bookingRepository' of type [null] on target object [com.tutoringplatform.services.PaymentService@585ac855] or target class [class com.tutoringplatform.services.PaymentService] to value [bookingRepository]
21:57:12.515 [main] DEBUG org.springframework.test.util.ReflectionTestUtils - Setting field 'commandHistory' of type [null] on target object [com.tutoringplatform.services.PaymentService@585ac855] or target class [class com.tutoringplatform.services.PaymentService] to value [[]]
]]></system-out>
  </testcase>
  <testcase name="testProcessPaymentInsufficientFunds" classname="com.tutoringplatform.services.PaymentServiceTest" time="0.004">
    <system-out><![CDATA[21:57:12.215 [main] DEBUG org.springframework.test.util.ReflectionTestUtils - Setting field 'paymentRepository' of type [null] on target object [com.tutoringplatform.services.PaymentService@64040287] or target class [class com.tutoringplatform.services.PaymentService] to value [paymentRepository]
21:57:12.216 [main] DEBUG org.springframework.test.util.ReflectionTestUtils - Setting field 'studentRepository' of type [null] on target object [com.tutoringplatform.services.PaymentService@64040287] or target class [class com.tutoringplatform.services.PaymentService] to value [studentRepository]
21:57:12.216 [main] DEBUG org.springframework.test.util.ReflectionTestUtils - Setting field 'bookingRepository' of type [null] on target object [com.tutoringplatform.services.PaymentService@64040287] or target class [class com.tutoringplatform.services.PaymentService] to value [bookingRepository]
21:57:12.216 [main] DEBUG org.springframework.test.util.ReflectionTestUtils - Setting field 'commandHistory' of type [null] on target object [com.tutoringplatform.services.PaymentService@64040287] or target class [class com.tutoringplatform.services.PaymentService] to value [[]]
]]></system-out>
  </testcase>
  <testcase name="testProcessPaymentInsufficientFunds" classname="com.tutoringplatform.services.PaymentServiceTest" time="0.009">
    <system-out><![CDATA[21:57:12.518 [main] DEBUG org.springframework.test.util.ReflectionTestUtils - Setting field 'paymentRepository' of type [null] on target object [com.tutoringplatform.services.PaymentService@4d8539de] or target class [class com.tutoringplatform.services.PaymentService] to value [paymentRepository]
21:57:12.519 [main] DEBUG org.springframework.test.util.ReflectionTestUtils - Setting field 'studentRepository' of type [null] on target object [com.tutoringplatform.services.PaymentService@4d8539de] or target class [class com.tutoringplatform.services.PaymentService] to value [studentRepository]
21:57:12.521 [main] DEBUG org.springframework.test.util.ReflectionTestUtils - Setting field 'bookingRepository' of type [null] on target object [com.tutoringplatform.services.PaymentService@4d8539de] or target class [class com.tutoringplatform.services.PaymentService] to value [bookingRepository]
21:57:12.522 [main] DEBUG org.springframework.test.util.ReflectionTestUtils - Setting field 'commandHistory' of type [null] on target object [com.tutoringplatform.services.PaymentService@4d8539de] or target class [class com.tutoringplatform.services.PaymentService] to value [[]]
]]></system-out>
  </testcase>
  <testcase name="testProcessPaymentStudentNotFound" classname="com.tutoringplatform.services.PaymentServiceTest" time="0.005">
    <system-out><![CDATA[21:57:12.221 [main] DEBUG org.springframework.test.util.ReflectionTestUtils - Setting field 'paymentRepository' of type [null] on target object [com.tutoringplatform.services.PaymentService@3a43d133] or target class [class com.tutoringplatform.services.PaymentService] to value [paymentRepository]
21:57:12.221 [main] DEBUG org.springframework.test.util.ReflectionTestUtils - Setting field 'studentRepository' of type [null] on target object [com.tutoringplatform.services.PaymentService@3a43d133] or target class [class com.tutoringplatform.services.PaymentService] to value [studentRepository]
21:57:12.222 [main] DEBUG org.springframework.test.util.ReflectionTestUtils - Setting field 'bookingRepository' of type [null] on target object [com.tutoringplatform.services.PaymentService@3a43d133] or target class [class com.tutoringplatform.services.PaymentService] to value [bookingRepository]
21:57:12.222 [main] DEBUG org.springframework.test.util.ReflectionTestUtils - Setting field 'commandHistory' of type [null] on target object [com.tutoringplatform.services.PaymentService@3a43d133] or target class [class com.tutoringplatform.services.PaymentService] to value [[]]
]]></system-out>
  </testcase>
  <testcase name="testProcessPaymentStudentNotFound" classname="com.tutoringplatform.services.PaymentServiceTest" time="0.004">
    <system-out><![CDATA[21:57:12.528 [main] DEBUG org.springframework.test.util.ReflectionTestUtils - Setting field 'paymentRepository' of type [null] on target object [com.tutoringplatform.services.PaymentService@bcb09a6] or target class [class com.tutoringplatform.services.PaymentService] to value [paymentRepository]
21:57:12.528 [main] DEBUG org.springframework.test.util.ReflectionTestUtils - Setting field 'studentRepository' of type [null] on target object [com.tutoringplatform.services.PaymentService@bcb09a6] or target class [class com.tutoringplatform.services.PaymentService] to value [studentRepository]
21:57:12.528 [main] DEBUG org.springframework.test.util.ReflectionTestUtils - Setting field 'bookingRepository' of type [null] on target object [com.tutoringplatform.services.PaymentService@bcb09a6] or target class [class com.tutoringplatform.services.PaymentService] to value [bookingRepository]
21:57:12.528 [main] DEBUG org.springframework.test.util.ReflectionTestUtils - Setting field 'commandHistory' of type [null] on target object [com.tutoringplatform.services.PaymentService@bcb09a6] or target class [class com.tutoringplatform.services.PaymentService] to value [[]]
]]></system-out>
  </testcase>
  <testcase name="testMultipleUndoOperations" classname="com.tutoringplatform.services.PaymentServiceTest" time="0.007">
    <system-out><![CDATA[21:57:12.226 [main] DEBUG org.springframework.test.util.ReflectionTestUtils - Setting field 'paymentRepository' of type [null] on target object [com.tutoringplatform.services.PaymentService@68105edc] or target class [class com.tutoringplatform.services.PaymentService] to value [paymentRepository]
21:57:12.227 [main] DEBUG org.springframework.test.util.ReflectionTestUtils - Setting field 'studentRepository' of type [null] on target object [com.tutoringplatform.services.PaymentService@68105edc] or target class [class com.tutoringplatform.services.PaymentService] to value [studentRepository]
21:57:12.228 [main] DEBUG org.springframework.test.util.ReflectionTestUtils - Setting field 'bookingRepository' of type [null] on target object [com.tutoringplatform.services.PaymentService@68105edc] or target class [class com.tutoringplatform.services.PaymentService] to value [bookingRepository]
21:57:12.228 [main] DEBUG org.springframework.test.util.ReflectionTestUtils - Setting field 'commandHistory' of type [null] on target object [com.tutoringplatform.services.PaymentService@68105edc] or target class [class com.tutoringplatform.services.PaymentService] to value [[]]
]]></system-out>
  </testcase>
  <testcase name="testMultipleUndoOperations" classname="com.tutoringplatform.services.PaymentServiceTest" time="0.004">
    <system-out><![CDATA[21:57:12.532 [main] DEBUG org.springframework.test.util.ReflectionTestUtils - Setting field 'paymentRepository' of type [null] on target object [com.tutoringplatform.services.PaymentService@1813f3e9] or target class [class com.tutoringplatform.services.PaymentService] to value [paymentRepository]
21:57:12.532 [main] DEBUG org.springframework.test.util.ReflectionTestUtils - Setting field 'studentRepository' of type [null] on target object [com.tutoringplatform.services.PaymentService@1813f3e9] or target class [class com.tutoringplatform.services.PaymentService] to value [studentRepository]
21:57:12.533 [main] DEBUG org.springframework.test.util.ReflectionTestUtils - Setting field 'bookingRepository' of type [null] on target object [com.tutoringplatform.services.PaymentService@1813f3e9] or target class [class com.tutoringplatform.services.PaymentService] to value [bookingRepository]
21:57:12.533 [main] DEBUG org.springframework.test.util.ReflectionTestUtils - Setting field 'commandHistory' of type [null] on target object [com.tutoringplatform.services.PaymentService@1813f3e9] or target class [class com.tutoringplatform.services.PaymentService] to value [[]]
]]></system-out>
  </testcase>
  <testcase name="testFindById" classname="com.tutoringplatform.services.PaymentServiceTest" time="0.004">
    <system-out><![CDATA[21:57:12.235 [main] DEBUG org.springframework.test.util.ReflectionTestUtils - Setting field 'paymentRepository' of type [null] on target object [com.tutoringplatform.services.PaymentService@288a4658] or target class [class com.tutoringplatform.services.PaymentService] to value [paymentRepository]
21:57:12.235 [main] DEBUG org.springframework.test.util.ReflectionTestUtils - Setting field 'studentRepository' of type [null] on target object [com.tutoringplatform.services.PaymentService@288a4658] or target class [class com.tutoringplatform.services.PaymentService] to value [studentRepository]
21:57:12.235 [main] DEBUG org.springframework.test.util.ReflectionTestUtils - Setting field 'bookingRepository' of type [null] on target object [com.tutoringplatform.services.PaymentService@288a4658] or target class [class com.tutoringplatform.services.PaymentService] to value [bookingRepository]
21:57:12.235 [main] DEBUG org.springframework.test.util.ReflectionTestUtils - Setting field 'commandHistory' of type [null] on target object [com.tutoringplatform.services.PaymentService@288a4658] or target class [class com.tutoringplatform.services.PaymentService] to value [[]]
]]></system-out>
  </testcase>
  <testcase name="testFindById" classname="com.tutoringplatform.services.PaymentServiceTest" time="0.003">
    <system-out><![CDATA[21:57:12.538 [main] DEBUG org.springframework.test.util.ReflectionTestUtils - Setting field 'paymentRepository' of type [null] on target object [com.tutoringplatform.services.PaymentService@25c5e994] or target class [class com.tutoringplatform.services.PaymentService] to value [paymentRepository]
21:57:12.539 [main] DEBUG org.springframework.test.util.ReflectionTestUtils - Setting field 'studentRepository' of type [null] on target object [com.tutoringplatform.services.PaymentService@25c5e994] or target class [class com.tutoringplatform.services.PaymentService] to value [studentRepository]
21:57:12.539 [main] DEBUG org.springframework.test.util.ReflectionTestUtils - Setting field 'bookingRepository' of type [null] on target object [com.tutoringplatform.services.PaymentService@25c5e994] or target class [class com.tutoringplatform.services.PaymentService] to value [bookingRepository]
21:57:12.539 [main] DEBUG org.springframework.test.util.ReflectionTestUtils - Setting field 'commandHistory' of type [null] on target object [com.tutoringplatform.services.PaymentService@25c5e994] or target class [class com.tutoringplatform.services.PaymentService] to value [[]]
]]></system-out>
  </testcase>
  <testcase name="testFindByIdNotFound" classname="com.tutoringplatform.services.PaymentServiceTest" time="0.004">
    <system-out><![CDATA[21:57:12.240 [main] DEBUG org.springframework.test.util.ReflectionTestUtils - Setting field 'paymentRepository' of type [null] on target object [com.tutoringplatform.services.PaymentService@470a9030] or target class [class com.tutoringplatform.services.PaymentService] to value [paymentRepository]
21:57:12.240 [main] DEBUG org.springframework.test.util.ReflectionTestUtils - Setting field 'studentRepository' of type [null] on target object [com.tutoringplatform.services.PaymentService@470a9030] or target class [class com.tutoringplatform.services.PaymentService] to value [studentRepository]
21:57:12.241 [main] DEBUG org.springframework.test.util.ReflectionTestUtils - Setting field 'bookingRepository' of type [null] on target object [com.tutoringplatform.services.PaymentService@470a9030] or target class [class com.tutoringplatform.services.PaymentService] to value [bookingRepository]
21:57:12.241 [main] DEBUG org.springframework.test.util.ReflectionTestUtils - Setting field 'commandHistory' of type [null] on target object [com.tutoringplatform.services.PaymentService@470a9030] or target class [class com.tutoringplatform.services.PaymentService] to value [[]]
]]></system-out>
  </testcase>
  <testcase name="testFindByIdNotFound" classname="com.tutoringplatform.services.PaymentServiceTest" time="0.003">
    <system-out><![CDATA[21:57:12.542 [main] DEBUG org.springframework.test.util.ReflectionTestUtils - Setting field 'paymentRepository' of type [null] on target object [com.tutoringplatform.services.PaymentService@a10c1b5] or target class [class com.tutoringplatform.services.PaymentService] to value [paymentRepository]
21:57:12.542 [main] DEBUG org.springframework.test.util.ReflectionTestUtils - Setting field 'studentRepository' of type [null] on target object [com.tutoringplatform.services.PaymentService@a10c1b5] or target class [class com.tutoringplatform.services.PaymentService] to value [studentRepository]
21:57:12.543 [main] DEBUG org.springframework.test.util.ReflectionTestUtils - Setting field 'bookingRepository' of type [null] on target object [com.tutoringplatform.services.PaymentService@a10c1b5] or target class [class com.tutoringplatform.services.PaymentService] to value [bookingRepository]
21:57:12.543 [main] DEBUG org.springframework.test.util.ReflectionTestUtils - Setting field 'commandHistory' of type [null] on target object [com.tutoringplatform.services.PaymentService@a10c1b5] or target class [class com.tutoringplatform.services.PaymentService] to value [[]]
]]></system-out>
  </testcase>
  <testcase name="testRefundNonCompletedPayment" classname="com.tutoringplatform.services.PaymentServiceTest" time="0.008">
    <system-out><![CDATA[21:57:12.245 [main] DEBUG org.springframework.test.util.ReflectionTestUtils - Setting field 'paymentRepository' of type [null] on target object [com.tutoringplatform.services.PaymentService@3e6fd0b9] or target class [class com.tutoringplatform.services.PaymentService] to value [paymentRepository]
21:57:12.246 [main] DEBUG org.springframework.test.util.ReflectionTestUtils - Setting field 'studentRepository' of type [null] on target object [com.tutoringplatform.services.PaymentService@3e6fd0b9] or target class [class com.tutoringplatform.services.PaymentService] to value [studentRepository]
21:57:12.246 [main] DEBUG org.springframework.test.util.ReflectionTestUtils - Setting field 'bookingRepository' of type [null] on target object [com.tutoringplatform.services.PaymentService@3e6fd0b9] or target class [class com.tutoringplatform.services.PaymentService] to value [bookingRepository]
21:57:12.246 [main] DEBUG org.springframework.test.util.ReflectionTestUtils - Setting field 'commandHistory' of type [null] on target object [com.tutoringplatform.services.PaymentService@3e6fd0b9] or target class [class com.tutoringplatform.services.PaymentService] to value [[]]
]]></system-out>
  </testcase>
  <testcase name="testRefundNonCompletedPayment" classname="com.tutoringplatform.services.PaymentServiceTest" time="0.004">
    <system-out><![CDATA[21:57:12.547 [main] DEBUG org.springframework.test.util.ReflectionTestUtils - Setting field 'paymentRepository' of type [null] on target object [com.tutoringplatform.services.PaymentService@4d847d32] or target class [class com.tutoringplatform.services.PaymentService] to value [paymentRepository]
21:57:12.547 [main] DEBUG org.springframework.test.util.ReflectionTestUtils - Setting field 'studentRepository' of type [null] on target object [com.tutoringplatform.services.PaymentService@4d847d32] or target class [class com.tutoringplatform.services.PaymentService] to value [studentRepository]
21:57:12.548 [main] DEBUG org.springframework.test.util.ReflectionTestUtils - Setting field 'bookingRepository' of type [null] on target object [com.tutoringplatform.services.PaymentService@4d847d32] or target class [class com.tutoringplatform.services.PaymentService] to value [bookingRepository]
21:57:12.548 [main] DEBUG org.springframework.test.util.ReflectionTestUtils - Setting field 'commandHistory' of type [null] on target object [com.tutoringplatform.services.PaymentService@4d847d32] or target class [class com.tutoringplatform.services.PaymentService] to value [[]]
]]></system-out>
  </testcase>
  <testcase name="testRefundPayment" classname="com.tutoringplatform.services.PaymentServiceTest" time="0.005">
    <system-out><![CDATA[21:57:12.254 [main] DEBUG org.springframework.test.util.ReflectionTestUtils - Setting field 'paymentRepository' of type [null] on target object [com.tutoringplatform.services.PaymentService@66eb985d] or target class [class com.tutoringplatform.services.PaymentService] to value [paymentRepository]
21:57:12.254 [main] DEBUG org.springframework.test.util.ReflectionTestUtils - Setting field 'studentRepository' of type [null] on target object [com.tutoringplatform.services.PaymentService@66eb985d] or target class [class com.tutoringplatform.services.PaymentService] to value [studentRepository]
21:57:12.255 [main] DEBUG org.springframework.test.util.ReflectionTestUtils - Setting field 'bookingRepository' of type [null] on target object [com.tutoringplatform.services.PaymentService@66eb985d] or target class [class com.tutoringplatform.services.PaymentService] to value [bookingRepository]
21:57:12.255 [main] DEBUG org.springframework.test.util.ReflectionTestUtils - Setting field 'commandHistory' of type [null] on target object [com.tutoringplatform.services.PaymentService@66eb985d] or target class [class com.tutoringplatform.services.PaymentService] to value [[]]
]]></system-out>
  </testcase>
  <testcase name="testRefundPayment" classname="com.tutoringplatform.services.PaymentServiceTest" time="0.006">
    <system-out><![CDATA[21:57:12.551 [main] DEBUG org.springframework.test.util.ReflectionTestUtils - Setting field 'paymentRepository' of type [null] on target object [com.tutoringplatform.services.PaymentService@585c13de] or target class [class com.tutoringplatform.services.PaymentService] to value [paymentRepository]
21:57:12.552 [main] DEBUG org.springframework.test.util.ReflectionTestUtils - Setting field 'studentRepository' of type [null] on target object [com.tutoringplatform.services.PaymentService@585c13de] or target class [class com.tutoringplatform.services.PaymentService] to value [studentRepository]
21:57:12.553 [main] DEBUG org.springframework.test.util.ReflectionTestUtils - Setting field 'bookingRepository' of type [null] on target object [com.tutoringplatform.services.PaymentService@585c13de] or target class [class com.tutoringplatform.services.PaymentService] to value [bookingRepository]
21:57:12.553 [main] DEBUG org.springframework.test.util.ReflectionTestUtils - Setting field 'commandHistory' of type [null] on target object [com.tutoringplatform.services.PaymentService@585c13de] or target class [class com.tutoringplatform.services.PaymentService] to value [[]]
]]></system-out>
  </testcase>
  <testcase name="testUndoLastPaymentAction" classname="com.tutoringplatform.services.PaymentServiceTest" time="0.008">
    <system-out><![CDATA[21:57:12.261 [main] DEBUG org.springframework.test.util.ReflectionTestUtils - Setting field 'paymentRepository' of type [null] on target object [com.tutoringplatform.services.PaymentService@28c88600] or target class [class com.tutoringplatform.services.PaymentService] to value [paymentRepository]
21:57:12.262 [main] DEBUG org.springframework.test.util.ReflectionTestUtils - Setting field 'studentRepository' of type [null] on target object [com.tutoringplatform.services.PaymentService@28c88600] or target class [class com.tutoringplatform.services.PaymentService] to value [studentRepository]
21:57:12.262 [main] DEBUG org.springframework.test.util.ReflectionTestUtils - Setting field 'bookingRepository' of type [null] on target object [com.tutoringplatform.services.PaymentService@28c88600] or target class [class com.tutoringplatform.services.PaymentService] to value [bookingRepository]
21:57:12.262 [main] DEBUG org.springframework.test.util.ReflectionTestUtils - Setting field 'commandHistory' of type [null] on target object [com.tutoringplatform.services.PaymentService@28c88600] or target class [class com.tutoringplatform.services.PaymentService] to value [[]]
]]></system-out>
  </testcase>
  <testcase name="testUndoLastPaymentAction" classname="com.tutoringplatform.services.PaymentServiceTest" time="0.005">
    <system-out><![CDATA[21:57:12.559 [main] DEBUG org.springframework.test.util.ReflectionTestUtils - Setting field 'paymentRepository' of type [null] on target object [com.tutoringplatform.services.PaymentService@3ff57625] or target class [class com.tutoringplatform.services.PaymentService] to value [paymentRepository]
21:57:12.559 [main] DEBUG org.springframework.test.util.ReflectionTestUtils - Setting field 'studentRepository' of type [null] on target object [com.tutoringplatform.services.PaymentService@3ff57625] or target class [class com.tutoringplatform.services.PaymentService] to value [studentRepository]
21:57:12.560 [main] DEBUG org.springframework.test.util.ReflectionTestUtils - Setting field 'bookingRepository' of type [null] on target object [com.tutoringplatform.services.PaymentService@3ff57625] or target class [class com.tutoringplatform.services.PaymentService] to value [bookingRepository]
21:57:12.560 [main] DEBUG org.springframework.test.util.ReflectionTestUtils - Setting field 'commandHistory' of type [null] on target object [com.tutoringplatform.services.PaymentService@3ff57625] or target class [class com.tutoringplatform.services.PaymentService] to value [[]]
]]></system-out>
  </testcase>
</testsuite>