<?xml version="1.0" encoding="UTF-8"?>
<testsuite xmlns:xsi="http://www.w3.org/2001/XMLSchema-instance" xsi:noNamespaceSchemaLocation="https://maven.apache.org/surefire/maven-surefire-plugin/xsd/surefire-test-report.xsd" version="3.0.2" name="com.tutoringplatform.services.PaymentServiceTest" time="0.047" tests="8" errors="0" skipped="0" failures="0">
  <properties>
[...]
</properties>
  <testcase name="processPayment_Success" classname="com.tutoringplatform.services.PaymentServiceTest" time="0.049">
    <system-out><![CDATA[19:53:36.283 [main] INFO com.tutoringplatform.payment.PaymentService -- Processing payment for student student123, booking booking456, amount 100.0
19:53:36.285 [main] INFO com.tutoringplatform.payment.command.ProcessPaymentCommand -- Executing payment command for student student123, amount 100.0
19:53:36.285 [main] INFO com.tutoringplatform.payment.command.ProcessPaymentCommand -- Payment for student student123 completed successfully.
19:53:36.285 [main] INFO com.tutoringplatform.payment.PaymentService -- Payment processed successfully. Payment ID: 49c128a1-5366-4a5e-9ec0-b20728d90042, amount: 100.0
]]></system-out>
  </testcase>
  <testcase name="processPayment_Success" classname="com.tutoringplatform.services.PaymentServiceTest" time="0.006">
    <system-out><![CDATA[19:53:37.136 [main] INFO com.tutoringplatform.payment.PaymentService -- Processing payment for student student123, booking booking456, amount 100.0
19:53:37.137 [main] INFO com.tutoringplatform.payment.command.ProcessPaymentCommand -- Executing payment command for student student123, amount 100.0
19:53:37.137 [main] INFO com.tutoringplatform.payment.command.ProcessPaymentCommand -- Payment for student student123 completed successfully.
19:53:37.137 [main] INFO com.tutoringplatform.payment.PaymentService -- Payment processed successfully. Payment ID: 8c42e084-4e5d-43e3-9e0e-2216442b5529, amount: 100.0
]]></system-out>
  </testcase>
  <testcase name="refundPayment_Success" classname="com.tutoringplatform.services.PaymentServiceTest" time="0.046">
    <system-out><![CDATA[19:53:36.331 [main] INFO com.tutoringplatform.payment.PaymentService -- Refunding payment payment123
19:53:36.332 [main] INFO com.tutoringplatform.payment.command.RefundPaymentCommand -- Executing refund payment command for student student789, amount 100.0
19:53:36.333 [main] INFO com.tutoringplatform.payment.command.RefundPaymentCommand -- Refund payment command for student student789 completed successfully.
19:53:36.333 [main] INFO com.tutoringplatform.payment.PaymentService -- Payment refunded successfully. Payment ID: payment123, amount: 100.0
]]></system-out>
  </testcase>
  <testcase name="refundPayment_Success" classname="com.tutoringplatform.services.PaymentServiceTest" time="0.005">
    <system-out><![CDATA[19:53:37.142 [main] INFO com.tutoringplatform.payment.PaymentService -- Refunding payment payment123
19:53:37.143 [main] INFO com.tutoringplatform.payment.command.RefundPaymentCommand -- Executing refund payment command for student student789, amount 100.0
19:53:37.144 [main] INFO com.tutoringplatform.payment.command.RefundPaymentCommand -- Refund payment command for student student789 completed successfully.
19:53:37.144 [main] INFO com.tutoringplatform.payment.PaymentService -- Payment refunded successfully. Payment ID: payment123, amount: 100.0
]]></system-out>
  </testcase>
  <testcase name="processPayment_StudentNotFound_ThrowsException" classname="com.tutoringplatform.services.PaymentServiceTest" time="0.005">
    <system-out><![CDATA[19:53:36.338 [main] INFO com.tutoringplatform.payment.PaymentService -- Processing payment for student nonexistent, booking booking456, amount 100.0
]]></system-out>
  </testcase>
  <testcase name="processPayment_StudentNotFound_ThrowsException" classname="com.tutoringplatform.services.PaymentServiceTest" time="0.003">
    <system-out><![CDATA[19:53:37.148 [main] INFO com.tutoringplatform.payment.PaymentService -- Processing payment for student nonexistent, booking booking456, amount 100.0
]]></system-out>
  </testcase>
  <testcase name="refundPayment_NotCompletedPayment_ThrowsException" classname="com.tutoringplatform.services.PaymentServiceTest" time="0.003">
    <system-out><![CDATA[19:53:36.341 [main] INFO com.tutoringplatform.payment.PaymentService -- Refunding payment payment123
19:53:36.342 [main] ERROR com.tutoringplatform.payment.PaymentService -- Attempted to refund a payment that is not completed. Status: PENDING
]]></system-out>
  </testcase>
  <testcase name="refundPayment_NotCompletedPayment_ThrowsException" classname="com.tutoringplatform.services.PaymentServiceTest" time="0.006">
    <system-out><![CDATA[19:53:37.154 [main] INFO com.tutoringplatform.payment.PaymentService -- Refunding payment payment123
19:53:37.154 [main] ERROR com.tutoringplatform.payment.PaymentService -- Attempted to refund a payment that is not completed. Status: PENDING
]]></system-out>
  </testcase>
  <testcase name="refundPayment_PaymentNotFound_ThrowsException" classname="com.tutoringplatform.services.PaymentServiceTest" time="0.003">
    <system-out><![CDATA[19:53:36.345 [main] INFO com.tutoringplatform.payment.PaymentService -- Refunding payment nonexistent
19:53:36.345 [main] ERROR com.tutoringplatform.payment.PaymentService -- Payment not found for refund
]]></system-out>
  </testcase>
  <testcase name="refundPayment_PaymentNotFound_ThrowsException" classname="com.tutoringplatform.services.PaymentServiceTest" time="0.005">
    <system-out><![CDATA[19:53:37.161 [main] INFO com.tutoringplatform.payment.PaymentService -- Refunding payment nonexistent
19:53:37.162 [main] ERROR com.tutoringplatform.payment.PaymentService -- Payment not found for refund
]]></system-out>
  </testcase>
  <testcase name="processPayment_VerifyTransactionOrder" classname="com.tutoringplatform.services.PaymentServiceTest" time="0.012">
    <system-out><![CDATA[19:53:36.350 [main] INFO com.tutoringplatform.payment.PaymentService -- Processing payment for student student123, booking booking456, amount 100.0
19:53:36.350 [main] INFO com.tutoringplatform.payment.command.ProcessPaymentCommand -- Executing payment command for student student123, amount 100.0
19:53:36.351 [main] INFO com.tutoringplatform.payment.command.ProcessPaymentCommand -- Payment for student student123 completed successfully.
19:53:36.351 [main] INFO com.tutoringplatform.payment.PaymentService -- Payment processed successfully. Payment ID: 0425463e-8916-4643-8ca2-3210a4e50a07, amount: 100.0
]]></system-out>
  </testcase>
  <testcase name="processPayment_VerifyTransactionOrder" classname="com.tutoringplatform.services.PaymentServiceTest" time="0.006">
    <system-out><![CDATA[19:53:37.167 [main] INFO com.tutoringplatform.payment.PaymentService -- Processing payment for student student123, booking booking456, amount 100.0
19:53:37.167 [main] INFO com.tutoringplatform.payment.command.ProcessPaymentCommand -- Executing payment command for student student123, amount 100.0
19:53:37.167 [main] INFO com.tutoringplatform.payment.command.ProcessPaymentCommand -- Payment for student student123 completed successfully.
19:53:37.167 [main] INFO com.tutoringplatform.payment.PaymentService -- Payment processed successfully. Payment ID: 6dc0eb0d-39c3-4167-8ce2-2f4b00db1401, amount: 100.0
]]></system-out>
  </testcase>
  <testcase name="processPayment_InsufficientBalance_ThrowsException" classname="com.tutoringplatform.services.PaymentServiceTest" time="0.005">
    <system-out><![CDATA[19:53:36.364 [main] INFO com.tutoringplatform.payment.PaymentService -- Processing payment for student student123, booking booking456, amount 100.0
19:53:36.364 [main] WARN com.tutoringplatform.payment.PaymentService -- Insufficient balance for student student123. Required: 100.0, Available: 50.0
]]></system-out>
  </testcase>
  <testcase name="processPayment_InsufficientBalance_ThrowsException" classname="com.tutoringplatform.services.PaymentServiceTest" time="0.004">
    <system-out><![CDATA[19:53:37.173 [main] INFO com.tutoringplatform.payment.PaymentService -- Processing payment for student student123, booking booking456, amount 100.0
19:53:37.173 [main] WARN com.tutoringplatform.payment.PaymentService -- Insufficient balance for student student123. Required: 100.0, Available: 50.0
]]></system-out>
  </testcase>
  <testcase name="findById_Success" classname="com.tutoringplatform.services.PaymentServiceTest" time="0.006"/>
  <testcase name="findById_Success" classname="com.tutoringplatform.services.PaymentServiceTest" time="0.004"/>
</testsuite>