<?xml version="1.0" encoding="UTF-8"?>
<testsuite xmlns:xsi="http://www.w3.org/2001/XMLSchema-instance" xsi:noNamespaceSchemaLocation="https://maven.apache.org/surefire/maven-surefire-plugin/xsd/surefire-test-report.xsd" version="3.0.2" name="com.tutoringplatform.services.ReviewServiceTest" time="0.067" tests="12" errors="0" skipped="0" failures="0">
  <properties>
[...]
</properties>
  <testcase name="deleteReview_success" classname="com.tutoringplatform.services.ReviewServiceTest" time="0.091">
    <system-out><![CDATA[19:30:22.788 [main] INFO com.tutoringplatform.review.ReviewService -- Review deleted successfully with id review123
]]></system-out>
  </testcase>
  <testcase name="deleteReview_success" classname="com.tutoringplatform.services.ReviewServiceTest" time="0.005">
    <system-out><![CDATA[19:30:23.428 [main] INFO com.tutoringplatform.review.ReviewService -- Review deleted successfully with id review123
]]></system-out>
  </testcase>
  <testcase name="createReview_shortComment_throwsException" classname="com.tutoringplatform.services.ReviewServiceTest" time="0.003"/>
  <testcase name="createReview_shortComment_throwsException" classname="com.tutoringplatform.services.ReviewServiceTest" time="0.003"/>
  <testcase name="createReview_existingReview_updatesReview" classname="com.tutoringplatform.services.ReviewServiceTest" time="0.009">
    <system-out><![CDATA[19:30:22.801 [main] INFO com.tutoringplatform.review.ReviewService -- Creating review for tutor tutor456 by student student123
]]></system-out>
  </testcase>
  <testcase name="createReview_existingReview_updatesReview" classname="com.tutoringplatform.services.ReviewServiceTest" time="0.004">
    <system-out><![CDATA[19:30:23.438 [main] INFO com.tutoringplatform.review.ReviewService -- Creating review for tutor tutor456 by student student123
]]></system-out>
  </testcase>
  <testcase name="deleteReview_notFound_throwsException" classname="com.tutoringplatform.services.ReviewServiceTest" time="0.006">
    <system-out><![CDATA[19:30:22.809 [main] ERROR com.tutoringplatform.review.ReviewService -- Review not found with id nonexistent
]]></system-out>
  </testcase>
  <testcase name="deleteReview_notFound_throwsException" classname="com.tutoringplatform.services.ReviewServiceTest" time="0.003">
    <system-out><![CDATA[19:30:23.443 [main] ERROR com.tutoringplatform.review.ReviewService -- Review not found with id nonexistent
]]></system-out>
  </testcase>
  <testcase name="createReview_noCompletedBookings_throwsException" classname="com.tutoringplatform.services.ReviewServiceTest" time="0.009">
    <system-out><![CDATA[19:30:22.816 [main] INFO com.tutoringplatform.review.ReviewService -- Creating review for tutor tutor456 by student student123
19:30:22.818 [main] WARN com.tutoringplatform.review.ReviewService -- No completed bookings found for student student123 with tutor tutor456
]]></system-out>
  </testcase>
  <testcase name="createReview_noCompletedBookings_throwsException" classname="com.tutoringplatform.services.ReviewServiceTest" time="0.004">
    <system-out><![CDATA[19:30:23.446 [main] INFO com.tutoringplatform.review.ReviewService -- Creating review for tutor tutor456 by student student123
19:30:23.447 [main] WARN com.tutoringplatform.review.ReviewService -- No completed bookings found for student student123 with tutor tutor456
]]></system-out>
  </testcase>
  <testcase name="getTutorReviewsResponse_sortsReviewsByDate" classname="com.tutoringplatform.services.ReviewServiceTest" time="0.011">
    <system-out><![CDATA[19:30:22.826 [main] INFO com.tutoringplatform.review.ReviewService -- Getting review DTOs for tutor tutor456
19:30:22.827 [main] INFO com.tutoringplatform.review.ReviewService -- Getting reviews for tutor tutor456
19:30:22.827 [main] INFO com.tutoringplatform.review.ReviewService -- Reviews for tutor tutor456 retrieved successfully
]]></system-out>
  </testcase>
  <testcase name="getTutorReviewsResponse_sortsReviewsByDate" classname="com.tutoringplatform.services.ReviewServiceTest" time="0.006">
    <system-out><![CDATA[19:30:23.452 [main] INFO com.tutoringplatform.review.ReviewService -- Getting review DTOs for tutor tutor456
19:30:23.452 [main] INFO com.tutoringplatform.review.ReviewService -- Getting reviews for tutor tutor456
19:30:23.452 [main] INFO com.tutoringplatform.review.ReviewService -- Reviews for tutor tutor456 retrieved successfully
]]></system-out>
  </testcase>
  <testcase name="createReview_multipleCompletedBookings_allowsReview" classname="com.tutoringplatform.services.ReviewServiceTest" time="0.011">
    <system-out><![CDATA[19:30:22.840 [main] INFO com.tutoringplatform.review.ReviewService -- Creating review for tutor tutor456 by student student123
19:30:22.841 [main] INFO com.tutoringplatform.review.ReviewService -- Review created successfully for tutor tutor456 by student student123
]]></system-out>
  </testcase>
  <testcase name="createReview_multipleCompletedBookings_allowsReview" classname="com.tutoringplatform.services.ReviewServiceTest" time="0.006">
    <system-out><![CDATA[19:30:23.459 [main] INFO com.tutoringplatform.review.ReviewService -- Creating review for tutor tutor456 by student student123
19:30:23.460 [main] INFO com.tutoringplatform.review.ReviewService -- Review created successfully for tutor tutor456 by student student123
]]></system-out>
  </testcase>
  <testcase name="createReview_nullRequest_throwsException" classname="com.tutoringplatform.services.ReviewServiceTest" time="0.006"/>
  <testcase name="createReview_nullRequest_throwsException" classname="com.tutoringplatform.services.ReviewServiceTest" time="0.003"/>
  <testcase name="getTutorReviews_success" classname="com.tutoringplatform.services.ReviewServiceTest" time="0.007">
    <system-out><![CDATA[19:30:22.856 [main] INFO com.tutoringplatform.review.ReviewService -- Getting reviews for tutor tutor456
19:30:22.856 [main] INFO com.tutoringplatform.review.ReviewService -- Reviews for tutor tutor456 retrieved successfully
]]></system-out>
  </testcase>
  <testcase name="getTutorReviews_success" classname="com.tutoringplatform.services.ReviewServiceTest" time="0.006">
    <system-out><![CDATA[19:30:23.470 [main] INFO com.tutoringplatform.review.ReviewService -- Getting reviews for tutor tutor456
19:30:23.470 [main] INFO com.tutoringplatform.review.ReviewService -- Reviews for tutor tutor456 retrieved successfully
]]></system-out>
  </testcase>
  <testcase name="createReview_longComment_throwsException" classname="com.tutoringplatform.services.ReviewServiceTest" time="0.003"/>
  <testcase name="createReview_longComment_throwsException" classname="com.tutoringplatform.services.ReviewServiceTest" time="0.005"/>
  <testcase name="createReview_newReview_success" classname="com.tutoringplatform.services.ReviewServiceTest" time="0.005">
    <system-out><![CDATA[19:30:22.866 [main] INFO com.tutoringplatform.review.ReviewService -- Creating review for tutor tutor456 by student student123
19:30:22.868 [main] INFO com.tutoringplatform.review.ReviewService -- Review created successfully for tutor tutor456 by student student123
]]></system-out>
  </testcase>
  <testcase name="createReview_newReview_success" classname="com.tutoringplatform.services.ReviewServiceTest" time="0.008">
    <system-out><![CDATA[19:30:23.482 [main] INFO com.tutoringplatform.review.ReviewService -- Creating review for tutor tutor456 by student student123
19:30:23.484 [main] INFO com.tutoringplatform.review.ReviewService -- Review created successfully for tutor tutor456 by student student123
]]></system-out>
  </testcase>
  <testcase name="createReview_invalidRating_throwsException" classname="com.tutoringplatform.services.ReviewServiceTest" time="0.009">
    <system-out><![CDATA[19:30:22.877 [main] ERROR com.tutoringplatform.review.ReviewService -- Invalid rating when creating review for tutor tutor456 by student student123: 6
]]></system-out>
  </testcase>
  <testcase name="createReview_invalidRating_throwsException" classname="com.tutoringplatform.services.ReviewServiceTest" time="0.003">
    <system-out><![CDATA[19:30:23.490 [main] ERROR com.tutoringplatform.review.ReviewService -- Invalid rating when creating review for tutor tutor456 by student student123: 6
]]></system-out>
  </testcase>
</testsuite>